0 info it worked if it ends with ok
1 verbose cli [ '/Users/ryan/.nvm/versions/node/v5.4.1/bin/node',
1 verbose cli   '/Users/ryan/.nvm/versions/node/v5.4.1/bin/npm',
1 verbose cli   'start' ]
2 info using npm@3.3.12
3 info using node@v5.4.1
4 verbose run-script [ 'prestart', 'start', 'poststart' ]
5 info lifecycle Alice_angular@1.0.0~prestart: Alice_angular@1.0.0
6 silly lifecycle Alice_angular@1.0.0~prestart: no script for prestart, continuing
7 info lifecycle Alice_angular@1.0.0~start: Alice_angular@1.0.0
8 verbose lifecycle Alice_angular@1.0.0~start: unsafe-perm in lifecycle true
9 verbose lifecycle Alice_angular@1.0.0~start: PATH: /Users/ryan/.nvm/versions/node/v5.4.1/lib/node_modules/npm/bin/node-gyp-bin:/Users/ryan/Google Drive/Projects/WebDev/_DEV/Sandbox/Angular/2.0/alice/node_modules/.bin:/Users/ryan/.rvm/gems/ruby-2.1.0@rails4/bin:/Users/ryan/.rvm/gems/ruby-2.1.0@global/bin:/Users/ryan/.rvm/rubies/ruby-2.1.0/bin:/Library/Frameworks/Python.framework/Versions/3.5/bin:/Users/ryan/.nvm/versions/node/v5.4.1/bin:/usr/local/bin:/usr/bin:/bin:/usr/sbin:/sbin:/opt/X11/bin:/usr/local/mysql/bin:/usr/local/mongodb/bin:/usr/local/exercism:/Users/ryan/.rvm/bin
10 verbose lifecycle Alice_angular@1.0.0~start: CWD: /Users/ryan/Google Drive/Projects/WebDev/_DEV/Sandbox/Angular/2.0/alice
11 silly lifecycle Alice_angular@1.0.0~start: Args: [ '-c', 'tsc:w' ]
12 info lifecycle Alice_angular@1.0.0~start: Failed to exec start script
13 verbose stack Error: Alice_angular@1.0.0 start: `tsc:w`
13 verbose stack spawn ENOENT
13 verbose stack     at ChildProcess.<anonymous> (/Users/ryan/.nvm/versions/node/v5.4.1/lib/node_modules/npm/lib/utils/spawn.js:17:16)
13 verbose stack     at emitTwo (events.js:87:13)
13 verbose stack     at ChildProcess.emit (events.js:172:7)
13 verbose stack     at maybeClose (internal/child_process.js:821:16)
13 verbose stack     at Process.ChildProcess._handle.onexit (internal/child_process.js:211:5)
14 verbose pkgid Alice_angular@1.0.0
15 verbose cwd /Users/ryan/Google Drive/Projects/WebDev/_DEV/Sandbox/Angular/2.0/alice
16 error Darwin 15.4.0
17 error argv "/Users/ryan/.nvm/versions/node/v5.4.1/bin/node" "/Users/ryan/.nvm/versions/node/v5.4.1/bin/npm" "start"
18 error node v5.4.1
19 error npm  v3.3.12
20 error file sh
21 error code ELIFECYCLE
22 error errno ENOENT
23 error syscall spawn
24 error Alice_angular@1.0.0 start: `tsc:w`
24 error spawn ENOENT
25 error Failed at the Alice_angular@1.0.0 start script 'tsc:w'.
25 error Make sure you have the latest version of node.js and npm installed.
25 error If you do, this is most likely a problem with the Alice_angular package,
25 error not with npm itself.
25 error Tell the author that this fails on your system:
25 error     tsc:w
25 error You can get their info via:
25 error     npm owner ls Alice_angular
25 error There is likely additional logging output above.
26 verbose exit [ 1, true ]
